{"C:\\Users\\david\\OneDrive\\Documents\\GitHub\\Hugo_Full_Stack_Tareas\\Actividad_4\\backend\\src\\app.js": {"path":"C:\\Users\\david\\OneDrive\\Documents\\GitHub\\Hugo_Full_Stack_Tareas\\Actividad_4\\backend\\src\\app.js","statementMap":{"0":{"start":{"line":1,"column":16},"end":{"line":1,"column":34}},"1":{"start":{"line":2,"column":13},"end":{"line":2,"column":28}},"2":{"start":{"line":3,"column":13},"end":{"line":3,"column":28}},"3":{"start":{"line":5,"column":12},"end":{"line":5,"column":21}},"4":{"start":{"line":7,"column":0},"end":{"line":7,"column":16}},"5":{"start":{"line":8,"column":0},"end":{"line":8,"column":24}},"6":{"start":{"line":9,"column":0},"end":{"line":9,"column":59}},"7":{"start":{"line":11,"column":19},"end":{"line":11,"column":49}},"8":{"start":{"line":12,"column":20},"end":{"line":12,"column":51}},"9":{"start":{"line":13,"column":23},"end":{"line":13,"column":57}},"10":{"start":{"line":15,"column":0},"end":{"line":15,"column":33}},"11":{"start":{"line":16,"column":0},"end":{"line":16,"column":36}},"12":{"start":{"line":17,"column":0},"end":{"line":17,"column":42}},"13":{"start":{"line":19,"column":0},"end":{"line":21,"column":3}},"14":{"start":{"line":20,"column":4},"end":{"line":20,"column":63}},"15":{"start":{"line":23,"column":0},"end":{"line":23,"column":21}}},"fnMap":{"0":{"name":"(anonymous_0)","decl":{"start":{"line":19,"column":13},"end":{"line":19,"column":14}},"loc":{"start":{"line":19,"column":27},"end":{"line":21,"column":1}},"line":19}},"branchMap":{},"s":{"0":1,"1":1,"2":1,"3":1,"4":1,"5":1,"6":1,"7":1,"8":1,"9":1,"10":1,"11":1,"12":1,"13":1,"14":0,"15":1},"f":{"0":0},"b":{},"_coverageSchema":"1a1c01bbd47fc00a2c39e90264f33305004495a9","hash":"2c52b815af79e4b450f7d552cbb786684549e49c"}
,"C:\\Users\\david\\OneDrive\\Documents\\GitHub\\Hugo_Full_Stack_Tareas\\Actividad_4\\backend\\src\\controllers\\authController.js": {"path":"C:\\Users\\david\\OneDrive\\Documents\\GitHub\\Hugo_Full_Stack_Tareas\\Actividad_4\\backend\\src\\controllers\\authController.js","statementMap":{"0":{"start":{"line":1,"column":15},"end":{"line":1,"column":34}},"1":{"start":{"line":2,"column":12},"end":{"line":2,"column":35}},"2":{"start":{"line":3,"column":11},"end":{"line":3,"column":34}},"3":{"start":{"line":5,"column":23},"end":{"line":69,"column":1}},"4":{"start":{"line":7,"column":44},"end":{"line":7,"column":52}},"5":{"start":{"line":9,"column":8},"end":{"line":11,"column":9}},"6":{"start":{"line":10,"column":12},"end":{"line":10,"column":86}},"7":{"start":{"line":13,"column":8},"end":{"line":28,"column":9}},"8":{"start":{"line":14,"column":31},"end":{"line":14,"column":99}},"9":{"start":{"line":15,"column":12},"end":{"line":17,"column":13}},"10":{"start":{"line":16,"column":16},"end":{"line":16,"column":86}},"11":{"start":{"line":19,"column":35},"end":{"line":19,"column":66}},"12":{"start":{"line":20,"column":29},"end":{"line":23,"column":13}},"13":{"start":{"line":25,"column":12},"end":{"line":25,"column":102}},"14":{"start":{"line":27,"column":12},"end":{"line":27,"column":74}},"15":{"start":{"line":32,"column":36},"end":{"line":32,"column":44}},"16":{"start":{"line":34,"column":8},"end":{"line":36,"column":9}},"17":{"start":{"line":35,"column":12},"end":{"line":35,"column":86}},"18":{"start":{"line":38,"column":8},"end":{"line":63,"column":9}},"19":{"start":{"line":39,"column":27},"end":{"line":39,"column":94}},"20":{"start":{"line":40,"column":12},"end":{"line":42,"column":13}},"21":{"start":{"line":41,"column":16},"end":{"line":41,"column":81}},"22":{"start":{"line":44,"column":25},"end":{"line":44,"column":32}},"23":{"start":{"line":45,"column":36},"end":{"line":45,"column":81}},"24":{"start":{"line":46,"column":12},"end":{"line":48,"column":13}},"25":{"start":{"line":47,"column":16},"end":{"line":47,"column":81}},"26":{"start":{"line":50,"column":26},"end":{"line":54,"column":13}},"27":{"start":{"line":56,"column":12},"end":{"line":60,"column":15}},"28":{"start":{"line":62,"column":12},"end":{"line":62,"column":71}},"29":{"start":{"line":67,"column":8},"end":{"line":67,"column":48}},"30":{"start":{"line":71,"column":0},"end":{"line":71,"column":32}}},"fnMap":{"0":{"name":"(anonymous_0)","decl":{"start":{"line":6,"column":14},"end":{"line":6,"column":15}},"loc":{"start":{"line":6,"column":34},"end":{"line":29,"column":5}},"line":6},"1":{"name":"(anonymous_1)","decl":{"start":{"line":31,"column":11},"end":{"line":31,"column":12}},"loc":{"start":{"line":31,"column":31},"end":{"line":64,"column":5}},"line":31},"2":{"name":"(anonymous_2)","decl":{"start":{"line":66,"column":12},"end":{"line":66,"column":13}},"loc":{"start":{"line":66,"column":26},"end":{"line":68,"column":5}},"line":66}},"branchMap":{"0":{"loc":{"start":{"line":9,"column":8},"end":{"line":11,"column":9}},"type":"if","locations":[{"start":{"line":9,"column":8},"end":{"line":11,"column":9}},{"start":{},"end":{}}],"line":9},"1":{"loc":{"start":{"line":9,"column":12},"end":{"line":9,"column":42}},"type":"binary-expr","locations":[{"start":{"line":9,"column":12},"end":{"line":9,"column":19}},{"start":{"line":9,"column":23},"end":{"line":9,"column":29}},{"start":{"line":9,"column":33},"end":{"line":9,"column":42}}],"line":9},"2":{"loc":{"start":{"line":15,"column":12},"end":{"line":17,"column":13}},"type":"if","locations":[{"start":{"line":15,"column":12},"end":{"line":17,"column":13}},{"start":{},"end":{}}],"line":15},"3":{"loc":{"start":{"line":34,"column":8},"end":{"line":36,"column":9}},"type":"if","locations":[{"start":{"line":34,"column":8},"end":{"line":36,"column":9}},{"start":{},"end":{}}],"line":34},"4":{"loc":{"start":{"line":34,"column":12},"end":{"line":34,"column":31}},"type":"binary-expr","locations":[{"start":{"line":34,"column":12},"end":{"line":34,"column":18}},{"start":{"line":34,"column":22},"end":{"line":34,"column":31}}],"line":34},"5":{"loc":{"start":{"line":40,"column":12},"end":{"line":42,"column":13}},"type":"if","locations":[{"start":{"line":40,"column":12},"end":{"line":42,"column":13}},{"start":{},"end":{}}],"line":40},"6":{"loc":{"start":{"line":46,"column":12},"end":{"line":48,"column":13}},"type":"if","locations":[{"start":{"line":46,"column":12},"end":{"line":48,"column":13}},{"start":{},"end":{}}],"line":46},"7":{"loc":{"start":{"line":52,"column":16},"end":{"line":52,"column":73}},"type":"binary-expr","locations":[{"start":{"line":52,"column":16},"end":{"line":52,"column":38}},{"start":{"line":52,"column":42},"end":{"line":52,"column":73}}],"line":52}},"s":{"0":1,"1":1,"2":1,"3":1,"4":2,"5":2,"6":1,"7":1,"8":1,"9":1,"10":0,"11":1,"12":1,"13":1,"14":0,"15":2,"16":2,"17":0,"18":2,"19":2,"20":2,"21":1,"22":1,"23":1,"24":1,"25":0,"26":1,"27":1,"28":0,"29":1,"30":1},"f":{"0":2,"1":2,"2":1},"b":{"0":[1,1],"1":[2,2,1],"2":[0,1],"3":[0,2],"4":[2,2],"5":[1,1],"6":[0,1],"7":[1,0]},"_coverageSchema":"1a1c01bbd47fc00a2c39e90264f33305004495a9","hash":"2bd16948fa2bd1354df7343bacb7bb219af23f6f"}
,"C:\\Users\\david\\OneDrive\\Documents\\GitHub\\Hugo_Full_Stack_Tareas\\Actividad_4\\backend\\src\\controllers\\libroController.js": {"path":"C:\\Users\\david\\OneDrive\\Documents\\GitHub\\Hugo_Full_Stack_Tareas\\Actividad_4\\backend\\src\\controllers\\libroController.js","statementMap":{"0":{"start":{"line":1,"column":11},"end":{"line":1,"column":34}},"1":{"start":{"line":3,"column":24},"end":{"line":85,"column":1}},"2":{"start":{"line":5,"column":8},"end":{"line":10,"column":9}},"3":{"start":{"line":6,"column":27},"end":{"line":6,"column":92}},"4":{"start":{"line":7,"column":12},"end":{"line":7,"column":39}},"5":{"start":{"line":9,"column":12},"end":{"line":9,"column":75}},"6":{"start":{"line":14,"column":23},"end":{"line":14,"column":33}},"7":{"start":{"line":15,"column":8},"end":{"line":23,"column":9}},"8":{"start":{"line":16,"column":27},"end":{"line":16,"column":86}},"9":{"start":{"line":17,"column":12},"end":{"line":19,"column":13}},"10":{"start":{"line":18,"column":16},"end":{"line":18,"column":78}},"11":{"start":{"line":20,"column":12},"end":{"line":20,"column":41}},"12":{"start":{"line":22,"column":12},"end":{"line":22,"column":73}},"13":{"start":{"line":27,"column":50},"end":{"line":27,"column":58}},"14":{"start":{"line":29,"column":8},"end":{"line":31,"column":9}},"15":{"start":{"line":30,"column":12},"end":{"line":30,"column":84}},"16":{"start":{"line":33,"column":8},"end":{"line":44,"column":9}},"17":{"start":{"line":34,"column":29},"end":{"line":37,"column":13}},"18":{"start":{"line":38,"column":12},"end":{"line":38,"column":96}},"19":{"start":{"line":40,"column":12},"end":{"line":42,"column":13}},"20":{"start":{"line":41,"column":16},"end":{"line":41,"column":85}},"21":{"start":{"line":43,"column":12},"end":{"line":43,"column":71}},"22":{"start":{"line":48,"column":23},"end":{"line":48,"column":33}},"23":{"start":{"line":49,"column":50},"end":{"line":49,"column":58}},"24":{"start":{"line":51,"column":8},"end":{"line":67,"column":9}},"25":{"start":{"line":52,"column":31},"end":{"line":52,"column":90}},"26":{"start":{"line":53,"column":12},"end":{"line":55,"column":13}},"27":{"start":{"line":54,"column":16},"end":{"line":54,"column":78}},"28":{"start":{"line":57,"column":31},"end":{"line":57,"column":89}},"29":{"start":{"line":59,"column":12},"end":{"line":62,"column":14}},"30":{"start":{"line":64,"column":12},"end":{"line":64,"column":68}},"31":{"start":{"line":66,"column":12},"end":{"line":66,"column":76}},"32":{"start":{"line":71,"column":23},"end":{"line":71,"column":33}},"33":{"start":{"line":73,"column":8},"end":{"line":83,"column":9}},"34":{"start":{"line":74,"column":31},"end":{"line":74,"column":90}},"35":{"start":{"line":75,"column":12},"end":{"line":77,"column":13}},"36":{"start":{"line":76,"column":16},"end":{"line":76,"column":78}},"37":{"start":{"line":79,"column":12},"end":{"line":79,"column":70}},"38":{"start":{"line":80,"column":12},"end":{"line":80,"column":66}},"39":{"start":{"line":82,"column":12},"end":{"line":82,"column":74}},"40":{"start":{"line":87,"column":0},"end":{"line":87,"column":33}}},"fnMap":{"0":{"name":"(anonymous_0)","decl":{"start":{"line":4,"column":12},"end":{"line":4,"column":13}},"loc":{"start":{"line":4,"column":32},"end":{"line":11,"column":5}},"line":4},"1":{"name":"(anonymous_1)","decl":{"start":{"line":13,"column":13},"end":{"line":13,"column":14}},"loc":{"start":{"line":13,"column":33},"end":{"line":24,"column":5}},"line":13},"2":{"name":"(anonymous_2)","decl":{"start":{"line":26,"column":12},"end":{"line":26,"column":13}},"loc":{"start":{"line":26,"column":32},"end":{"line":45,"column":5}},"line":26},"3":{"name":"(anonymous_3)","decl":{"start":{"line":47,"column":12},"end":{"line":47,"column":13}},"loc":{"start":{"line":47,"column":32},"end":{"line":68,"column":5}},"line":47},"4":{"name":"(anonymous_4)","decl":{"start":{"line":70,"column":12},"end":{"line":70,"column":13}},"loc":{"start":{"line":70,"column":32},"end":{"line":84,"column":5}},"line":70}},"branchMap":{"0":{"loc":{"start":{"line":17,"column":12},"end":{"line":19,"column":13}},"type":"if","locations":[{"start":{"line":17,"column":12},"end":{"line":19,"column":13}},{"start":{},"end":{}}],"line":17},"1":{"loc":{"start":{"line":29,"column":8},"end":{"line":31,"column":9}},"type":"if","locations":[{"start":{"line":29,"column":8},"end":{"line":31,"column":9}},{"start":{},"end":{}}],"line":29},"2":{"loc":{"start":{"line":29,"column":12},"end":{"line":29,"column":29}},"type":"binary-expr","locations":[{"start":{"line":29,"column":12},"end":{"line":29,"column":19}},{"start":{"line":29,"column":23},"end":{"line":29,"column":29}}],"line":29},"3":{"loc":{"start":{"line":36,"column":32},"end":{"line":36,"column":44}},"type":"binary-expr","locations":[{"start":{"line":36,"column":32},"end":{"line":36,"column":36}},{"start":{"line":36,"column":40},"end":{"line":36,"column":44}}],"line":36},"4":{"loc":{"start":{"line":36,"column":46},"end":{"line":36,"column":59}},"type":"binary-expr","locations":[{"start":{"line":36,"column":46},"end":{"line":36,"column":54}},{"start":{"line":36,"column":58},"end":{"line":36,"column":59}}],"line":36},"5":{"loc":{"start":{"line":36,"column":61},"end":{"line":36,"column":74}},"type":"binary-expr","locations":[{"start":{"line":36,"column":61},"end":{"line":36,"column":69}},{"start":{"line":36,"column":73},"end":{"line":36,"column":74}}],"line":36},"6":{"loc":{"start":{"line":40,"column":12},"end":{"line":42,"column":13}},"type":"if","locations":[{"start":{"line":40,"column":12},"end":{"line":42,"column":13}},{"start":{},"end":{}}],"line":40},"7":{"loc":{"start":{"line":53,"column":12},"end":{"line":55,"column":13}},"type":"if","locations":[{"start":{"line":53,"column":12},"end":{"line":55,"column":13}},{"start":{},"end":{}}],"line":53},"8":{"loc":{"start":{"line":57,"column":31},"end":{"line":57,"column":89}},"type":"cond-expr","locations":[{"start":{"line":57,"column":56},"end":{"line":57,"column":64}},{"start":{"line":57,"column":67},"end":{"line":57,"column":89}}],"line":57},"9":{"loc":{"start":{"line":61,"column":17},"end":{"line":61,"column":45}},"type":"binary-expr","locations":[{"start":{"line":61,"column":17},"end":{"line":61,"column":23}},{"start":{"line":61,"column":27},"end":{"line":61,"column":45}}],"line":61},"10":{"loc":{"start":{"line":61,"column":47},"end":{"line":61,"column":73}},"type":"binary-expr","locations":[{"start":{"line":61,"column":47},"end":{"line":61,"column":52}},{"start":{"line":61,"column":56},"end":{"line":61,"column":73}}],"line":61},"11":{"loc":{"start":{"line":61,"column":75},"end":{"line":61,"column":99}},"type":"binary-expr","locations":[{"start":{"line":61,"column":75},"end":{"line":61,"column":79}},{"start":{"line":61,"column":83},"end":{"line":61,"column":99}}],"line":61},"12":{"loc":{"start":{"line":61,"column":101},"end":{"line":61,"column":133}},"type":"binary-expr","locations":[{"start":{"line":61,"column":101},"end":{"line":61,"column":109}},{"start":{"line":61,"column":113},"end":{"line":61,"column":133}}],"line":61},"13":{"loc":{"start":{"line":75,"column":12},"end":{"line":77,"column":13}},"type":"if","locations":[{"start":{"line":75,"column":12},"end":{"line":77,"column":13}},{"start":{},"end":{}}],"line":75}},"s":{"0":1,"1":1,"2":1,"3":1,"4":1,"5":0,"6":0,"7":0,"8":0,"9":0,"10":0,"11":0,"12":0,"13":2,"14":2,"15":1,"16":1,"17":1,"18":1,"19":0,"20":0,"21":0,"22":0,"23":0,"24":0,"25":0,"26":0,"27":0,"28":0,"29":0,"30":0,"31":0,"32":0,"33":0,"34":0,"35":0,"36":0,"37":0,"38":0,"39":0,"40":1},"f":{"0":1,"1":0,"2":2,"3":0,"4":0},"b":{"0":[0,0],"1":[1,1],"2":[2,1],"3":[1,1],"4":[1,1],"5":[1,1],"6":[0,0],"7":[0,0],"8":[0,0],"9":[0,0],"10":[0,0],"11":[0,0],"12":[0,0],"13":[0,0]},"_coverageSchema":"1a1c01bbd47fc00a2c39e90264f33305004495a9","hash":"4344b40eeddc4fa1d8eb46b6b6a9ebf5a0a1fbcb"}
,"C:\\Users\\david\\OneDrive\\Documents\\GitHub\\Hugo_Full_Stack_Tareas\\Actividad_4\\backend\\src\\controllers\\prestamoController.js": {"path":"C:\\Users\\david\\OneDrive\\Documents\\GitHub\\Hugo_Full_Stack_Tareas\\Actividad_4\\backend\\src\\controllers\\prestamoController.js","statementMap":{"0":{"start":{"line":1,"column":11},"end":{"line":1,"column":34}},"1":{"start":{"line":3,"column":27},"end":{"line":111,"column":1}},"2":{"start":{"line":5,"column":8},"end":{"line":16,"column":9}},"3":{"start":{"line":6,"column":27},"end":{"line":12,"column":14}},"4":{"start":{"line":13,"column":12},"end":{"line":13,"column":42}},"5":{"start":{"line":15,"column":12},"end":{"line":15,"column":78}},"6":{"start":{"line":20,"column":23},"end":{"line":20,"column":33}},"7":{"start":{"line":21,"column":8},"end":{"line":35,"column":9}},"8":{"start":{"line":22,"column":27},"end":{"line":28,"column":20}},"9":{"start":{"line":29,"column":12},"end":{"line":31,"column":13}},"10":{"start":{"line":30,"column":16},"end":{"line":30,"column":81}},"11":{"start":{"line":32,"column":12},"end":{"line":32,"column":44}},"12":{"start":{"line":34,"column":12},"end":{"line":34,"column":76}},"13":{"start":{"line":39,"column":75},"end":{"line":39,"column":83}},"14":{"start":{"line":40,"column":23},"end":{"line":40,"column":33}},"15":{"start":{"line":42,"column":8},"end":{"line":44,"column":9}},"16":{"start":{"line":43,"column":12},"end":{"line":43,"column":72}},"17":{"start":{"line":46,"column":26},"end":{"line":46,"column":46}},"18":{"start":{"line":48,"column":8},"end":{"line":68,"column":9}},"19":{"start":{"line":49,"column":28},"end":{"line":49,"column":93}},"20":{"start":{"line":50,"column":12},"end":{"line":52,"column":13}},"21":{"start":{"line":51,"column":16},"end":{"line":51,"column":78}},"22":{"start":{"line":54,"column":12},"end":{"line":56,"column":13}},"23":{"start":{"line":55,"column":16},"end":{"line":55,"column":88}},"24":{"start":{"line":58,"column":29},"end":{"line":61,"column":13}},"25":{"start":{"line":63,"column":12},"end":{"line":63,"column":103}},"26":{"start":{"line":65,"column":12},"end":{"line":65,"column":99}},"27":{"start":{"line":67,"column":12},"end":{"line":67,"column":74}},"28":{"start":{"line":72,"column":23},"end":{"line":72,"column":33}},"29":{"start":{"line":73,"column":27},"end":{"line":73,"column":35}},"30":{"start":{"line":75,"column":8},"end":{"line":89,"column":9}},"31":{"start":{"line":76,"column":31},"end":{"line":76,"column":93}},"32":{"start":{"line":77,"column":12},"end":{"line":79,"column":13}},"33":{"start":{"line":78,"column":16},"end":{"line":78,"column":81}},"34":{"start":{"line":81,"column":12},"end":{"line":83,"column":13}},"35":{"start":{"line":82,"column":16},"end":{"line":82,"column":119}},"36":{"start":{"line":85,"column":12},"end":{"line":85,"column":113}},"37":{"start":{"line":86,"column":12},"end":{"line":86,"column":71}},"38":{"start":{"line":88,"column":12},"end":{"line":88,"column":79}},"39":{"start":{"line":93,"column":23},"end":{"line":93,"column":33}},"40":{"start":{"line":95,"column":8},"end":{"line":109,"column":9}},"41":{"start":{"line":96,"column":31},"end":{"line":96,"column":93}},"42":{"start":{"line":97,"column":12},"end":{"line":99,"column":13}},"43":{"start":{"line":98,"column":16},"end":{"line":98,"column":81}},"44":{"start":{"line":101,"column":12},"end":{"line":103,"column":13}},"45":{"start":{"line":102,"column":16},"end":{"line":102,"column":119}},"46":{"start":{"line":105,"column":12},"end":{"line":105,"column":73}},"47":{"start":{"line":106,"column":12},"end":{"line":106,"column":69}},"48":{"start":{"line":108,"column":12},"end":{"line":108,"column":77}},"49":{"start":{"line":113,"column":0},"end":{"line":113,"column":36}}},"fnMap":{"0":{"name":"(anonymous_0)","decl":{"start":{"line":4,"column":12},"end":{"line":4,"column":13}},"loc":{"start":{"line":4,"column":32},"end":{"line":17,"column":5}},"line":4},"1":{"name":"(anonymous_1)","decl":{"start":{"line":19,"column":13},"end":{"line":19,"column":14}},"loc":{"start":{"line":19,"column":33},"end":{"line":36,"column":5}},"line":19},"2":{"name":"(anonymous_2)","decl":{"start":{"line":38,"column":12},"end":{"line":38,"column":13}},"loc":{"start":{"line":38,"column":32},"end":{"line":69,"column":5}},"line":38},"3":{"name":"(anonymous_3)","decl":{"start":{"line":71,"column":12},"end":{"line":71,"column":13}},"loc":{"start":{"line":71,"column":32},"end":{"line":90,"column":5}},"line":71},"4":{"name":"(anonymous_4)","decl":{"start":{"line":92,"column":12},"end":{"line":92,"column":13}},"loc":{"start":{"line":92,"column":32},"end":{"line":110,"column":5}},"line":92}},"branchMap":{"0":{"loc":{"start":{"line":29,"column":12},"end":{"line":31,"column":13}},"type":"if","locations":[{"start":{"line":29,"column":12},"end":{"line":31,"column":13}},{"start":{},"end":{}}],"line":29},"1":{"loc":{"start":{"line":42,"column":8},"end":{"line":44,"column":9}},"type":"if","locations":[{"start":{"line":42,"column":8},"end":{"line":44,"column":9}},{"start":{},"end":{}}],"line":42},"2":{"loc":{"start":{"line":42,"column":12},"end":{"line":42,"column":61}},"type":"binary-expr","locations":[{"start":{"line":42,"column":12},"end":{"line":42,"column":21}},{"start":{"line":42,"column":25},"end":{"line":42,"column":40}},{"start":{"line":42,"column":44},"end":{"line":42,"column":61}}],"line":42},"3":{"loc":{"start":{"line":46,"column":26},"end":{"line":46,"column":46}},"type":"binary-expr","locations":[{"start":{"line":46,"column":26},"end":{"line":46,"column":36}},{"start":{"line":46,"column":40},"end":{"line":46,"column":46}}],"line":46},"4":{"loc":{"start":{"line":50,"column":12},"end":{"line":52,"column":13}},"type":"if","locations":[{"start":{"line":50,"column":12},"end":{"line":52,"column":13}},{"start":{},"end":{}}],"line":50},"5":{"loc":{"start":{"line":54,"column":12},"end":{"line":56,"column":13}},"type":"if","locations":[{"start":{"line":54,"column":12},"end":{"line":56,"column":13}},{"start":{},"end":{}}],"line":54},"6":{"loc":{"start":{"line":77,"column":12},"end":{"line":79,"column":13}},"type":"if","locations":[{"start":{"line":77,"column":12},"end":{"line":79,"column":13}},{"start":{},"end":{}}],"line":77},"7":{"loc":{"start":{"line":81,"column":12},"end":{"line":83,"column":13}},"type":"if","locations":[{"start":{"line":81,"column":12},"end":{"line":83,"column":13}},{"start":{},"end":{}}],"line":81},"8":{"loc":{"start":{"line":81,"column":16},"end":{"line":81,"column":74}},"type":"binary-expr","locations":[{"start":{"line":81,"column":16},"end":{"line":81,"column":37}},{"start":{"line":81,"column":41},"end":{"line":81,"column":74}}],"line":81},"9":{"loc":{"start":{"line":85,"column":78},"end":{"line":85,"column":106}},"type":"binary-expr","locations":[{"start":{"line":85,"column":78},"end":{"line":85,"column":84}},{"start":{"line":85,"column":88},"end":{"line":85,"column":106}}],"line":85},"10":{"loc":{"start":{"line":97,"column":12},"end":{"line":99,"column":13}},"type":"if","locations":[{"start":{"line":97,"column":12},"end":{"line":99,"column":13}},{"start":{},"end":{}}],"line":97},"11":{"loc":{"start":{"line":101,"column":12},"end":{"line":103,"column":13}},"type":"if","locations":[{"start":{"line":101,"column":12},"end":{"line":103,"column":13}},{"start":{},"end":{}}],"line":101}},"s":{"0":1,"1":1,"2":1,"3":1,"4":1,"5":0,"6":0,"7":0,"8":0,"9":0,"10":0,"11":0,"12":0,"13":1,"14":1,"15":1,"16":0,"17":1,"18":1,"19":1,"20":1,"21":0,"22":1,"23":0,"24":1,"25":1,"26":1,"27":0,"28":0,"29":0,"30":0,"31":0,"32":0,"33":0,"34":0,"35":0,"36":0,"37":0,"38":0,"39":0,"40":0,"41":0,"42":0,"43":0,"44":0,"45":0,"46":0,"47":0,"48":0,"49":1},"f":{"0":1,"1":0,"2":1,"3":0,"4":0},"b":{"0":[0,0],"1":[0,1],"2":[1,1,1],"3":[1,1],"4":[0,1],"5":[0,1],"6":[0,0],"7":[0,0],"8":[0,0],"9":[0,0],"10":[0,0],"11":[0,0]},"_coverageSchema":"1a1c01bbd47fc00a2c39e90264f33305004495a9","hash":"18b2a977099fbcb574edc6dd3dc1bc1676e8f31f"}
,"C:\\Users\\david\\OneDrive\\Documents\\GitHub\\Hugo_Full_Stack_Tareas\\Actividad_4\\backend\\src\\middlewares\\auth.js": {"path":"C:\\Users\\david\\OneDrive\\Documents\\GitHub\\Hugo_Full_Stack_Tareas\\Actividad_4\\backend\\src\\middlewares\\auth.js","statementMap":{"0":{"start":{"line":1,"column":12},"end":{"line":1,"column":35}},"1":{"start":{"line":3,"column":20},"end":{"line":13,"column":1}},"2":{"start":{"line":4,"column":23},"end":{"line":4,"column":51}},"3":{"start":{"line":5,"column":4},"end":{"line":5,"column":79}},"4":{"start":{"line":5,"column":21},"end":{"line":5,"column":79}},"5":{"start":{"line":7,"column":18},"end":{"line":7,"column":42}},"6":{"start":{"line":8,"column":4},"end":{"line":12,"column":7}},"7":{"start":{"line":9,"column":8},"end":{"line":9,"column":85}},"8":{"start":{"line":9,"column":17},"end":{"line":9,"column":85}},"9":{"start":{"line":10,"column":8},"end":{"line":10,"column":32}},"10":{"start":{"line":11,"column":8},"end":{"line":11,"column":15}},"11":{"start":{"line":15,"column":0},"end":{"line":15,"column":29}}},"fnMap":{"0":{"name":"(anonymous_0)","decl":{"start":{"line":3,"column":20},"end":{"line":3,"column":21}},"loc":{"start":{"line":3,"column":40},"end":{"line":13,"column":1}},"line":3},"1":{"name":"(anonymous_1)","decl":{"start":{"line":8,"column":72},"end":{"line":8,"column":73}},"loc":{"start":{"line":8,"column":90},"end":{"line":12,"column":5}},"line":8}},"branchMap":{"0":{"loc":{"start":{"line":5,"column":4},"end":{"line":5,"column":79}},"type":"if","locations":[{"start":{"line":5,"column":4},"end":{"line":5,"column":79}},{"start":{},"end":{}}],"line":5},"1":{"loc":{"start":{"line":8,"column":22},"end":{"line":8,"column":70}},"type":"binary-expr","locations":[{"start":{"line":8,"column":22},"end":{"line":8,"column":44}},{"start":{"line":8,"column":48},"end":{"line":8,"column":70}}],"line":8},"2":{"loc":{"start":{"line":9,"column":8},"end":{"line":9,"column":85}},"type":"if","locations":[{"start":{"line":9,"column":8},"end":{"line":9,"column":85}},{"start":{},"end":{}}],"line":9}},"s":{"0":1,"1":1,"2":7,"3":7,"4":2,"5":5,"6":5,"7":5,"8":0,"9":5,"10":5,"11":1},"f":{"0":7,"1":5},"b":{"0":[2,5],"1":[5,0],"2":[0,5]},"_coverageSchema":"1a1c01bbd47fc00a2c39e90264f33305004495a9","hash":"3405cc79b30cb2ac56084fcb16b35e91b6ca2f23"}
,"C:\\Users\\david\\OneDrive\\Documents\\GitHub\\Hugo_Full_Stack_Tareas\\Actividad_4\\backend\\src\\routes\\authRoutes.js": {"path":"C:\\Users\\david\\OneDrive\\Documents\\GitHub\\Hugo_Full_Stack_Tareas\\Actividad_4\\backend\\src\\routes\\authRoutes.js","statementMap":{"0":{"start":{"line":1,"column":16},"end":{"line":1,"column":34}},"1":{"start":{"line":2,"column":15},"end":{"line":2,"column":31}},"2":{"start":{"line":3,"column":23},"end":{"line":3,"column":63}},"3":{"start":{"line":5,"column":0},"end":{"line":5,"column":50}},"4":{"start":{"line":6,"column":0},"end":{"line":6,"column":44}},"5":{"start":{"line":7,"column":0},"end":{"line":7,"column":46}},"6":{"start":{"line":9,"column":0},"end":{"line":9,"column":24}}},"fnMap":{},"branchMap":{},"s":{"0":1,"1":1,"2":1,"3":1,"4":1,"5":1,"6":1},"f":{},"b":{},"_coverageSchema":"1a1c01bbd47fc00a2c39e90264f33305004495a9","hash":"9e19336930eebe8b5a53a83224e5637178dc14d8"}
,"C:\\Users\\david\\OneDrive\\Documents\\GitHub\\Hugo_Full_Stack_Tareas\\Actividad_4\\backend\\src\\routes\\libroRoutes.js": {"path":"C:\\Users\\david\\OneDrive\\Documents\\GitHub\\Hugo_Full_Stack_Tareas\\Actividad_4\\backend\\src\\routes\\libroRoutes.js","statementMap":{"0":{"start":{"line":1,"column":16},"end":{"line":1,"column":34}},"1":{"start":{"line":2,"column":15},"end":{"line":2,"column":31}},"2":{"start":{"line":3,"column":24},"end":{"line":3,"column":65}},"3":{"start":{"line":4,"column":20},"end":{"line":4,"column":50}},"4":{"start":{"line":6,"column":0},"end":{"line":6,"column":53}},"5":{"start":{"line":7,"column":0},"end":{"line":7,"column":57}},"6":{"start":{"line":8,"column":0},"end":{"line":8,"column":54}},"7":{"start":{"line":9,"column":0},"end":{"line":9,"column":56}},"8":{"start":{"line":10,"column":0},"end":{"line":10,"column":59}},"9":{"start":{"line":12,"column":0},"end":{"line":12,"column":24}}},"fnMap":{},"branchMap":{},"s":{"0":1,"1":1,"2":1,"3":1,"4":1,"5":1,"6":1,"7":1,"8":1,"9":1},"f":{},"b":{},"_coverageSchema":"1a1c01bbd47fc00a2c39e90264f33305004495a9","hash":"f08c2e446795a76f3825ff7cc8cde7d5155d0f3e"}
,"C:\\Users\\david\\OneDrive\\Documents\\GitHub\\Hugo_Full_Stack_Tareas\\Actividad_4\\backend\\src\\routes\\prestamoRoutes.js": {"path":"C:\\Users\\david\\OneDrive\\Documents\\GitHub\\Hugo_Full_Stack_Tareas\\Actividad_4\\backend\\src\\routes\\prestamoRoutes.js","statementMap":{"0":{"start":{"line":1,"column":16},"end":{"line":1,"column":34}},"1":{"start":{"line":2,"column":15},"end":{"line":2,"column":31}},"2":{"start":{"line":3,"column":27},"end":{"line":3,"column":71}},"3":{"start":{"line":4,"column":20},"end":{"line":4,"column":50}},"4":{"start":{"line":6,"column":0},"end":{"line":6,"column":56}},"5":{"start":{"line":7,"column":0},"end":{"line":7,"column":60}},"6":{"start":{"line":8,"column":0},"end":{"line":8,"column":57}},"7":{"start":{"line":9,"column":0},"end":{"line":9,"column":59}},"8":{"start":{"line":10,"column":0},"end":{"line":10,"column":62}},"9":{"start":{"line":12,"column":0},"end":{"line":12,"column":24}}},"fnMap":{},"branchMap":{},"s":{"0":1,"1":1,"2":1,"3":1,"4":1,"5":1,"6":1,"7":1,"8":1,"9":1},"f":{},"b":{},"_coverageSchema":"1a1c01bbd47fc00a2c39e90264f33305004495a9","hash":"bd911b6615338be931761c0fe37d2f2374fdf989"}
}
