TN:
SF:src\app.js
FN:19,(anonymous_0)
FNF:1
FNH:0
FNDA:0,(anonymous_0)
DA:1,1
DA:2,1
DA:3,1
DA:5,1
DA:7,1
DA:8,1
DA:9,1
DA:11,1
DA:12,1
DA:13,1
DA:15,1
DA:16,1
DA:17,1
DA:19,1
DA:20,0
DA:23,1
LF:16
LH:15
BRF:0
BRH:0
end_of_record
TN:
SF:src\controllers\authController.js
FN:6,(anonymous_0)
FN:31,(anonymous_1)
FN:66,(anonymous_2)
FNF:3
FNH:3
FNDA:2,(anonymous_0)
FNDA:2,(anonymous_1)
FNDA:1,(anonymous_2)
DA:1,1
DA:2,1
DA:3,1
DA:5,1
DA:7,2
DA:9,2
DA:10,1
DA:13,1
DA:14,1
DA:15,1
DA:16,0
DA:19,1
DA:20,1
DA:25,1
DA:27,0
DA:32,2
DA:34,2
DA:35,0
DA:38,2
DA:39,2
DA:40,2
DA:41,1
DA:44,1
DA:45,1
DA:46,1
DA:47,0
DA:50,1
DA:56,1
DA:62,0
DA:67,1
DA:71,1
LF:31
LH:26
BRDA:9,0,0,1
BRDA:9,0,1,1
BRDA:9,1,0,2
BRDA:9,1,1,2
BRDA:9,1,2,1
BRDA:15,2,0,0
BRDA:15,2,1,1
BRDA:34,3,0,0
BRDA:34,3,1,2
BRDA:34,4,0,2
BRDA:34,4,1,2
BRDA:40,5,0,1
BRDA:40,5,1,1
BRDA:46,6,0,0
BRDA:46,6,1,1
BRDA:52,7,0,1
BRDA:52,7,1,0
BRF:17
BRH:13
end_of_record
TN:
SF:src\controllers\libroController.js
FN:4,(anonymous_0)
FN:13,(anonymous_1)
FN:26,(anonymous_2)
FN:47,(anonymous_3)
FN:70,(anonymous_4)
FNF:5
FNH:2
FNDA:1,(anonymous_0)
FNDA:0,(anonymous_1)
FNDA:2,(anonymous_2)
FNDA:0,(anonymous_3)
FNDA:0,(anonymous_4)
DA:1,1
DA:3,1
DA:5,1
DA:6,1
DA:7,1
DA:9,0
DA:14,0
DA:15,0
DA:16,0
DA:17,0
DA:18,0
DA:20,0
DA:22,0
DA:27,2
DA:29,2
DA:30,1
DA:33,1
DA:34,1
DA:38,1
DA:40,0
DA:41,0
DA:43,0
DA:48,0
DA:49,0
DA:51,0
DA:52,0
DA:53,0
DA:54,0
DA:57,0
DA:59,0
DA:64,0
DA:66,0
DA:71,0
DA:73,0
DA:74,0
DA:75,0
DA:76,0
DA:79,0
DA:80,0
DA:82,0
DA:87,1
LF:41
LH:12
BRDA:17,0,0,0
BRDA:17,0,1,0
BRDA:29,1,0,1
BRDA:29,1,1,1
BRDA:29,2,0,2
BRDA:29,2,1,1
BRDA:36,3,0,1
BRDA:36,3,1,1
BRDA:36,4,0,1
BRDA:36,4,1,1
BRDA:36,5,0,1
BRDA:36,5,1,1
BRDA:40,6,0,0
BRDA:40,6,1,0
BRDA:53,7,0,0
BRDA:53,7,1,0
BRDA:57,8,0,0
BRDA:57,8,1,0
BRDA:61,9,0,0
BRDA:61,9,1,0
BRDA:61,10,0,0
BRDA:61,10,1,0
BRDA:61,11,0,0
BRDA:61,11,1,0
BRDA:61,12,0,0
BRDA:61,12,1,0
BRDA:75,13,0,0
BRDA:75,13,1,0
BRF:28
BRH:10
end_of_record
TN:
SF:src\controllers\prestamoController.js
FN:4,(anonymous_0)
FN:19,(anonymous_1)
FN:38,(anonymous_2)
FN:71,(anonymous_3)
FN:92,(anonymous_4)
FNF:5
FNH:2
FNDA:1,(anonymous_0)
FNDA:0,(anonymous_1)
FNDA:1,(anonymous_2)
FNDA:0,(anonymous_3)
FNDA:0,(anonymous_4)
DA:1,1
DA:3,1
DA:5,1
DA:6,1
DA:13,1
DA:15,0
DA:20,0
DA:21,0
DA:22,0
DA:29,0
DA:30,0
DA:32,0
DA:34,0
DA:39,1
DA:40,1
DA:42,1
DA:43,0
DA:46,1
DA:48,1
DA:49,1
DA:50,1
DA:51,0
DA:54,1
DA:55,0
DA:58,1
DA:63,1
DA:65,1
DA:67,0
DA:72,0
DA:73,0
DA:75,0
DA:76,0
DA:77,0
DA:78,0
DA:81,0
DA:82,0
DA:85,0
DA:86,0
DA:88,0
DA:93,0
DA:95,0
DA:96,0
DA:97,0
DA:98,0
DA:101,0
DA:102,0
DA:105,0
DA:106,0
DA:108,0
DA:113,1
LF:50
LH:17
BRDA:29,0,0,0
BRDA:29,0,1,0
BRDA:42,1,0,0
BRDA:42,1,1,1
BRDA:42,2,0,1
BRDA:42,2,1,1
BRDA:42,2,2,1
BRDA:46,3,0,1
BRDA:46,3,1,1
BRDA:50,4,0,0
BRDA:50,4,1,1
BRDA:54,5,0,0
BRDA:54,5,1,1
BRDA:77,6,0,0
BRDA:77,6,1,0
BRDA:81,7,0,0
BRDA:81,7,1,0
BRDA:81,8,0,0
BRDA:81,8,1,0
BRDA:85,9,0,0
BRDA:85,9,1,0
BRDA:97,10,0,0
BRDA:97,10,1,0
BRDA:101,11,0,0
BRDA:101,11,1,0
BRF:25
BRH:8
end_of_record
TN:
SF:src\middlewares\auth.js
FN:3,(anonymous_0)
FN:8,(anonymous_1)
FNF:2
FNH:2
FNDA:7,(anonymous_0)
FNDA:5,(anonymous_1)
DA:1,1
DA:3,1
DA:4,7
DA:5,7
DA:7,5
DA:8,5
DA:9,5
DA:10,5
DA:11,5
DA:15,1
LF:10
LH:10
BRDA:5,0,0,2
BRDA:5,0,1,5
BRDA:8,1,0,5
BRDA:8,1,1,0
BRDA:9,2,0,0
BRDA:9,2,1,5
BRF:6
BRH:4
end_of_record
TN:
SF:src\routes\authRoutes.js
FNF:0
FNH:0
DA:1,1
DA:2,1
DA:3,1
DA:5,1
DA:6,1
DA:7,1
DA:9,1
LF:7
LH:7
BRF:0
BRH:0
end_of_record
TN:
SF:src\routes\libroRoutes.js
FNF:0
FNH:0
DA:1,1
DA:2,1
DA:3,1
DA:4,1
DA:6,1
DA:7,1
DA:8,1
DA:9,1
DA:10,1
DA:12,1
LF:10
LH:10
BRF:0
BRH:0
end_of_record
TN:
SF:src\routes\prestamoRoutes.js
FNF:0
FNH:0
DA:1,1
DA:2,1
DA:3,1
DA:4,1
DA:6,1
DA:7,1
DA:8,1
DA:9,1
DA:10,1
DA:12,1
LF:10
LH:10
BRF:0
BRH:0
end_of_record
